battery 1 at time Thu Jan  1 03:35:27 1970

battery 0 at time Thu Jan  1 03:35:27 1970

battery 1 at time Thu Jan  1 03:35:27 1970

battery 1 at time Thu Jan  1 03:50:43 1970

battery 0 at time Thu Jan  1 03:50:51 1970

battery 1 at time Thu Jan  1 03:59:06 1970

battery 0 at time Thu Jan  1 03:59:46 1970

battery 1 at time Thu Jan  1 03:59:47 1970

battery 0 at time Thu Jan  1 03:59:47 1970

battery 1 at time Thu Jan  1 03:59:47 1970

battery 0 at time Thu Jan  1 03:59:47 1970

battery 1 at time Thu Jan  1 03:59:47 1970

battery 0 at time Thu Jan  1 03:59:48 1970

battery 1 at time Thu Jan  1 03:59:48 1970

battery 0 at time Thu Jan  1 03:59:49 1970

battery 1 at time Thu Jan  1 03:59:49 1970

battery 0 at time Thu Jan  1 03:59:49 1970

battery 1 at time Thu Jan  1 03:59:50 1970

battery 0 at time Thu Jan  1 03:59:53 1970

battery 1 at time Thu Jan  1 03:59:53 1970

battery 0 at time Thu Jan  1 04:00:14 1970

battery 1 at time Thu Jan  1 04:00:15 1970

battery 0 at time Thu Jan  1 04:00:16 1970

battery 1 at time Thu Jan  1 04:00:25 1970

battery 0 at time Thu Jan  1 04:00:25 1970

battery 1 at time Thu Jan  1 04:00:25 1970

battery 0 at time Thu Jan  1 04:00:27 1970

battery 1 at time Thu Jan  1 04:00:27 1970

battery 0 at time Thu Jan  1 04:00:27 1970

battery 1 at time Thu Jan  1 04:00:27 1970

battery 0 at time Thu Jan  1 04:00:28 1970

battery 1 at time Thu Jan  1 04:00:33 1970

battery 0 at time Thu Jan  1 04:00:33 1970

battery 1 at time Thu Jan  1 04:00:33 1970

battery 0 at time Thu Jan  1 04:00:34 1970

battery 1 at time Thu Jan  1 04:00:35 1970

battery 0 at time Thu Jan  1 04:00:36 1970

battery 1 at time Thu Jan  1 04:00:36 1970

battery 0 at time Thu Jan  1 04:00:36 1970

battery 1 at time Thu Jan  1 04:00:37 1970

battery 0 at time Thu Jan  1 04:00:37 1970

battery 1 at time Thu Jan  1 04:00:50 1970

battery 0 at time Thu Jan  1 04:00:50 1970

battery 1 at time Thu Jan  1 04:00:51 1970

battery 0 at time Thu Jan  1 04:00:51 1970

battery 1 at time Thu Jan  1 04:00:52 1970

battery 0 at time Thu Jan  1 04:00:52 1970

battery 1 at time Thu Jan  1 04:01:00 1970

battery 0 at time Thu Jan  1 04:01:03 1970

battery 1 at time Tue Sep  4 18:09:46 2012

battery 1 at time Mon Oct  1 17:12:52 2012

battery 1 at time Thu Jan  1 04:31:49 1970

battery 1 at time Thu Jan  1 03:00:51 1970

battery 1 at time Thu Jan  1 03:00:37 1970

battery 1 at time Thu Jan  1 03:00:18 1970

battery 1 at time Thu Jan  1 03:00:10 1970

battery 1 at time Thu Jan  1 03:00:33 1970

battery 1 at time Fri Jan 18 18:32:25 2013

battery 1 at time Thu Jan  1 05:51:21 1970

battery 1 at time Thu Jan  1 06:10:02 1970

battery 1 at time Thu Jan  1 03:00:46 1970

battery 1 at time Fri Feb  1 09:26:22 2013

battery 1 at time Fri Feb  1 12:05:22 2013

battery 0 at time Fri Feb  1 12:05:28 2013

battery 1 at time Fri Feb  1 12:05:28 2013

battery 0 at time Fri Feb  1 12:05:28 2013

battery 1 at time Fri Feb  1 12:05:38 2013

battery 0 at time Fri Feb  1 12:05:44 2013

battery 1 at time Fri Feb  1 12:05:46 2013

battery 0 at time Fri Feb  1 12:05:50 2013

battery 1 at time Fri Feb  1 12:06:00 2013

battery 0 at time Fri Feb  1 12:06:03 2013

battery 1 at time Sat Feb  2 00:15:57 2013

battery 0 at time Sat Feb  2 00:16:04 2013

battery 1 at time Thu Feb 21 06:02:14 2013

battery 0 at time Thu Feb 21 06:02:19 2013

battery 1 at time Thu Feb 21 16:05:44 2013

battery 0 at time Thu Feb 21 16:05:59 2013

battery 1 at time Fri Feb 22 10:37:32 2013

battery 0 at time Fri Feb 22 10:37:50 2013

battery 1 at time Tue Mar  5 16:01:36 2013

battery 0 at time Tue Mar  5 17:37:29 2013

battery 1 at time Tue Mar  5 17:46:24 2013

battery 0 at time Tue Mar  5 17:47:14 2013

battery 1 at time Tue Mar  5 17:48:12 2013

battery 1 at time Wed Mar  6 15:07:30 2013

battery 0 at time Wed Mar  6 15:07:30 2013

battery 1 at time Wed Mar  6 15:07:30 2013

battery 0 at time Wed Mar  6 15:07:33 2013

battery 1 at time Wed Mar  6 15:07:34 2013

battery 0 at time Wed Mar  6 15:07:34 2013

battery 1 at time Wed Mar  6 15:47:40 2013

battery 0 at time Wed Mar  6 15:47:41 2013

battery 1 at time Wed Mar  6 16:32:07 2013

battery 0 at time Wed Mar  6 16:32:09 2013

battery 1 at time Wed Mar  6 16:32:09 2013

battery 0 at time Wed Mar  6 16:40:17 2013

battery 1 at time Wed Mar  6 16:40:17 2013

battery 0 at time Wed Mar  6 16:40:17 2013

battery 1 at time Wed Mar  6 16:40:20 2013

battery 0 at time Wed Mar  6 16:40:22 2013

battery 1 at time Wed Mar  6 17:37:37 2013

battery 1 at time Mon Mar 11 18:38:43 2013

battery 0 at time Mon Mar 11 19:42:17 2013

battery 1 at time Tue Mar 12 17:00:05 2013

battery 0 at time Tue Mar 12 17:00:06 2013

battery 1 at time Wed Mar 13 17:52:21 2013

battery 0 at time Wed Mar 13 17:52:24 2013

battery 1 at time Wed Mar 13 21:15:16 2013
battery 0 at time Wed Mar 13 21:15:17 2013
battery 1 at time Wed Mar 13 21:25:58 2013
battery 0 at time Wed Mar 13 21:26:01 2013
battery 1 at time Wed Mar 13 21:26:12 2013
battery 0 at time Wed Mar 13 21:26:14 2013
gsm status 0 at time Wed Mar 13 22:05:53 2013
gsm status 1 at time Wed Mar 13 22:05:53 2013
gsm status 0 at time Wed Mar 13 22:05:53 2013
gsm status 1 at time Wed Mar 13 22:06:08 2013
battery 1 at time Thu Mar 14 15:13:11 2013
battery 0 at time Thu Mar 14 15:13:13 2013
battery 1 at time Thu Mar 14 18:10:51 2013
battery 0 at time Thu Mar 14 18:10:51 2013
battery 1 at time Thu Mar 14 18:10:52 2013
battery 0 at time Thu Mar 14 18:43:15 2013
battery 1 at time Thu Mar 14 18:43:41 2013
gsm status 0 at time Thu Mar 14 19:53:28 2013
gsm status 1 at time Thu Mar 14 19:53:28 2013
gsm status 0 at time Thu Mar 14 19:53:28 2013
gsm status 1 at time Thu Mar 14 19:53:29 2013
gsm status 0 at time Thu Mar 14 19:53:29 2013
battery 1 at time Fri Mar 15 13:17:51 2013
battery 0 at time Fri Mar 15 14:36:18 2013
battery 1 at time Fri Mar 15 14:36:34 2013
battery 0 at time Fri Mar 15 14:36:34 2013
battery 1 at time Fri Mar 15 14:36:34 2013
battery 0 at time Fri Mar 15 14:36:37 2013
battery 1 at time Fri Mar 15 15:13:06 2013
battery 0 at time Fri Mar 15 15:15:25 2013
battery 1 at time Fri Mar 15 15:15:26 2013
battery 0 at time Fri Mar 15 15:15:26 2013
battery 1 at time Fri Mar 15 15:15:26 2013
battery 0 at time Fri Mar 15 15:15:26 2013
battery 1 at time Fri Mar 15 15:26:39 2013
gsm status 0 at time Fri Mar 15 15:44:42 2013
gsm status 1 at time Fri Mar 15 15:44:42 2013
gsm status 0 at time Fri Mar 15 15:44:57 2013
gsm status 1 at time Fri Mar 15 15:44:57 2013
gsm status 0 at time Fri Mar 15 15:45:10 2013
gsm status 1 at time Fri Mar 15 15:45:10 2013
gsm status 0 at time Fri Mar 15 15:45:23 2013
gsm status 1 at time Fri Mar 15 15:45:24 2013
gsm status 0 at time Fri Mar 15 15:45:36 2013
gsm status 1 at time Fri Mar 15 15:45:37 2013
gsm status 0 at time Fri Mar 15 15:45:59 2013
battery 1 at time Mon Mar 18 10:31:30 2013
gsm status 0 at time Mon Mar 18 12:08:51 2013
gsm status 1 at time Mon Mar 18 12:08:51 2013
gsm status 0 at time Mon Mar 18 12:09:07 2013
